<?xml version="1.0" encoding="UTF-8"?>
<!-- Generated by org.testng.reporters.JUnitXMLReporter -->
<testsuite hostname="LAPTOP-18R30RO2" name="Sanity Testing" tests="13" failures="4" timestamp="22 Jul 2023 11:10:14 GMT" time="60.655" errors="0">
  <testcase name="addcategory" time="3.056" classname="testNG.AddCategory"/>
  <testcase name="addcategory" time="1.899" classname="testNG.AddCategory"/>
  <testcase name="addcategory" time="1.567" classname="testNG.AddCategory">
    <failure type="java.lang.AssertionError" message="Courses not created expected [true] but found [false]">
      <![CDATA[java.lang.AssertionError: Courses not created expected [true] but found [false]
	at testNG.AddCategory.addcategory(AddCategory.java:90)
... Removed 27 stack frames]]>
    </failure>
  </testcase> <!-- addcategory -->
  <testcase name="addcategory" time="1.959" classname="testNG.AddCategory"/>
  <testcase name="addcategory" time="1.503" classname="testNG.AddCategory">
    <failure type="java.lang.AssertionError" message="Courses not created expected [true] but found [false]">
      <![CDATA[java.lang.AssertionError: Courses not created expected [true] but found [false]
	at testNG.AddCategory.addcategory(AddCategory.java:90)
... Removed 27 stack frames]]>
    </failure>
  </testcase> <!-- addcategory -->
  <testcase name="addcategory" time="1.935" classname="testNG.AddCategory"/>
  <testcase name="courses" time="0.03" classname="testNG.CoursesList"/>
  <testcase name="addcourse" time="0.118" classname="testNG.CoursesList">
    <failure type="org.openqa.selenium.InvalidSelectorException" message="invalid selector: Unable to locate an element with the xpath expression  because of the following error:
SyntaxError: Failed to execute &amp;apos;evaluate&amp;apos; on &amp;apos;Document&amp;apos;: The string &amp;apos;&amp;apos; is not a valid XPath expression.
  (Session info: chrome=114.0.5735.199)
For documentation on this error, please visit: http://seleniumhq.org/exceptions/invalid_selector_exception.html
Build info: version: &amp;apos;3.14.0&amp;apos;, revision: &amp;apos;aacccce0&amp;apos;, time: &amp;apos;2018-08-02T20:13:22.693Z&amp;apos;
System info: host: &amp;apos;LAPTOP-18R30RO2&amp;apos;, ip: &amp;apos;192.168.0.102&amp;apos;, os.name: &amp;apos;Windows 10&amp;apos;, os.arch: &amp;apos;amd64&amp;apos;, os.version: &amp;apos;10.0&amp;apos;, java.version: &amp;apos;1.8.0_311&amp;apos;
Driver info: org.openqa.selenium.chrome.ChromeDriver
Capabilities {acceptInsecureCerts: false, browserName: chrome, browserVersion: 114.0.5735.199, chrome: {chromedriverVersion: 114.0.5735.90 (386bc09e8f4f..., userDataDir: C:\Users\SWHIZZ~1\AppData\L...}, goog:chromeOptions: {debuggerAddress: localhost:62796}, javascriptEnabled: true, networkConnectionEnabled: false, pageLoadStrategy: normal, platform: WINDOWS, platformName: WINDOWS, proxy: Proxy(), setWindowRect: true, strictFileInteractability: false, timeouts: {implicit: 0, pageLoad: 300000, script: 30000}, unhandledPromptBehavior: dismiss and notify, webauthn:extension:credBlob: true, webauthn:extension:largeBlob: true, webauthn:extension:minPinLength: true, webauthn:extension:prf: true, webauthn:virtualAuthenticators: true}
Session ID: acfd4352dcf8bc5ecddd10e3ca2b845e
*** Element info: {Using=xpath, value=}">
      <![CDATA[org.openqa.selenium.InvalidSelectorException: invalid selector: Unable to locate an element with the xpath expression  because of the following error:
SyntaxError: Failed to execute 'evaluate' on 'Document': The string '' is not a valid XPath expression.
  (Session info: chrome=114.0.5735.199)
For documentation on this error, please visit: http://seleniumhq.org/exceptions/invalid_selector_exception.html
Build info: version: '3.14.0', revision: 'aacccce0', time: '2018-08-02T20:13:22.693Z'
System info: host: 'LAPTOP-18R30RO2', ip: '192.168.0.102', os.name: 'Windows 10', os.arch: 'amd64', os.version: '10.0', java.version: '1.8.0_311'
Driver info: org.openqa.selenium.chrome.ChromeDriver
Capabilities {acceptInsecureCerts: false, browserName: chrome, browserVersion: 114.0.5735.199, chrome: {chromedriverVersion: 114.0.5735.90 (386bc09e8f4f..., userDataDir: C:\Users\SWHIZZ~1\AppData\L...}, goog:chromeOptions: {debuggerAddress: localhost:62796}, javascriptEnabled: true, networkConnectionEnabled: false, pageLoadStrategy: normal, platform: WINDOWS, platformName: WINDOWS, proxy: Proxy(), setWindowRect: true, strictFileInteractability: false, timeouts: {implicit: 0, pageLoad: 300000, script: 30000}, unhandledPromptBehavior: dismiss and notify, webauthn:extension:credBlob: true, webauthn:extension:largeBlob: true, webauthn:extension:minPinLength: true, webauthn:extension:prf: true, webauthn:virtualAuthenticators: true}
Session ID: acfd4352dcf8bc5ecddd10e3ca2b845e
*** Element info: {Using=xpath, value=}
	at org.openqa.selenium.remote.http.W3CHttpResponseCodec.createException(W3CHttpResponseCodec.java:187)
	at org.openqa.selenium.remote.http.W3CHttpResponseCodec.decode(W3CHttpResponseCodec.java:122)
	at org.openqa.selenium.remote.http.W3CHttpResponseCodec.decode(W3CHttpResponseCodec.java:49)
	at org.openqa.selenium.remote.HttpCommandExecutor.execute(HttpCommandExecutor.java:158)
	at org.openqa.selenium.remote.service.DriverCommandExecutor.execute(DriverCommandExecutor.java:83)
	at org.openqa.selenium.remote.RemoteWebDriver.execute(RemoteWebDriver.java:548)
	at org.openqa.selenium.remote.RemoteWebDriver.findElement(RemoteWebDriver.java:322)
	at org.openqa.selenium.remote.RemoteWebDriver.findElementByXPath(RemoteWebDriver.java:424)
	at org.openqa.selenium.By$ByXPath.findElement(By.java:353)
	at org.openqa.selenium.remote.RemoteWebDriver.findElement(RemoteWebDriver.java:314)
	at testNG.CoursesList.addcourse(CoursesList.java:55)
... Removed 28 stack frames]]>
    </failure>
  </testcase> <!-- addcourse -->
  <testcase name="addcoursepage" time="0.0" classname="testNG.CoursesList">
    <skipped/>
  </testcase> <!-- addcoursepage -->
  <testcase name="abcdtc3" time="0.0" classname="testNG.MyTest"/>
  <testcase name="mytest1" time="0.0" classname="testNG.MyTest"/>
  <testcase name="secondtc2" time="0.001" classname="testNG.MyTest"/>
  <testcase name="loginTestCase" time="0.789" classname="testNG.Admin">
    <failure type="java.lang.AssertionError" message="System logged in to the dashboard page failed expected [true] but found [false]">
      <![CDATA[java.lang.AssertionError: System logged in to the dashboard page failed expected [true] but found [false]
	at testNG.Admin.loginTestCase(Admin.java:50)
... Removed 27 stack frames]]>
    </failure>
  </testcase> <!-- loginTestCase -->
</testsuite> <!-- Sanity Testing -->
