<html>
<head>
<title>TestNG:  Default test</title>
<link href="../testng.css" rel="stylesheet" type="text/css" />
<link href="../my-testng.css" rel="stylesheet" type="text/css" />

<style type="text/css">
.log { display: none;} 
.stack-trace { display: none;} 
</style>
<script type="text/javascript">
<!--
function flip(e) {
  current = e.style.display;
  if (current == 'block') {
    e.style.display = 'none';
    return 0;
  }
  else {
    e.style.display = 'block';
    return 1;
  }
}

function toggleBox(szDivId, elem, msg1, msg2)
{
  var res = -1;  if (document.getElementById) {
    res = flip(document.getElementById(szDivId));
  }
  else if (document.all) {
    // this is the way old msie versions work
    res = flip(document.all[szDivId]);
  }
  if(elem) {
    if(res == 0) elem.innerHTML = msg1; else elem.innerHTML = msg2;
  }

}

function toggleAllBoxes() {
  if (document.getElementsByTagName) {
    d = document.getElementsByTagName('div');
    for (i = 0; i < d.length; i++) {
      if (d[i].className == 'log') {
        flip(d[i]);
      }
    }
  }
}

// -->
</script>

</head>
<body>
<h2 align='center'>Default test</h2><table border='1' align="center">
<tr>
<td>Tests passed/Failed/Skipped:</td><td>0/0/6</td>
</tr><tr>
<td>Started on:</td><td>Sat Jul 22 16:38:07 IST 2023</td>
</tr>
<tr><td>Total time:</td><td>1 seconds (1965 ms)</td>
</tr><tr>
<td>Included groups:</td><td></td>
</tr><tr>
<td>Excluded groups:</td><td></td>
</tr>
</table><p/>
<small><i>(Hover the method name to see the test class name)</i></small><p/>
<table width='100%' border='1' class='invocation-failed'>
<tr><td colspan='4' align='center'><b>FAILED CONFIGURATIONS</b></td></tr>
<tr><td><b>Test method</b></td>
<td width="30%"><b>Exception</b></td>
<td width="10%"><b>Time (seconds)</b></td>
<td><b>Instance</b></td>
</tr>
<tr>
<td title='testNG.AddCategory.setUp()'><b>setUp</b><br>Test class: testNG.AddCategory</td>
<td><div><pre>org.testng.TestNGException: 
Parameter &apos;browser&apos; is required by @Configuration on method setUp but has not been marked @Optional or defined
in C:\Users\SWHIZZ TECHNOLOGIES\AppData\Local\Temp\testng-eclipse-1469129873\testng-customsuite.xml
	at org.testng.internal.Parameters.createParameters(Parameters.java:154)
	at org.testng.internal.Parameters.createParameters(Parameters.java:361)
	at org.testng.internal.Parameters.createConfigurationParameters(Parameters.java:84)
	at org.testng.internal.Invoker.invokeConfigurations(Invoker.java:201)
	at org.testng.internal.Invoker.invokeMethod(Invoker.java:589)
	at org.testng.internal.Invoker.invokeTestMethod(Invoker.java:822)
	at org.testng.internal.Invoker.invokeTestMethods(Invoker.java:1130)
	at org.testng.internal.TestMethodWorker.invokeTestMethods(TestMethodWorker.java:129)
	at org.testng.internal.TestMethodWorker.run(TestMethodWorker.java:112)
	at org.testng.TestRunner.privateRun(TestRunner.java:782)
	at org.testng.TestRunner.run(TestRunner.java:632)
	at org.testng.SuiteRunner.runTest(SuiteRunner.java:366)
	at org.testng.SuiteRunner.runSequentially(SuiteRunner.java:361)
	at org.testng.SuiteRunner.privateRun(SuiteRunner.java:319)
	at org.testng.SuiteRunner.run(SuiteRunner.java:268)
	at org.testng.SuiteRunnerWorker.runSuite(SuiteRunnerWorker.java:52)
	at org.testng.SuiteRunnerWorker.run(SuiteRunnerWorker.java:86)
	at org.testng.TestNG.runSuitesSequentially(TestNG.java:1244)
	at org.testng.TestNG.runSuitesLocally(TestNG.java:1169)
	at org.testng.TestNG.run(TestNG.java:1064)
	at org.testng.remote.RemoteTestNG.run(RemoteTestNG.java:113)
	at org.testng.remote.RemoteTestNG.initAndRun(RemoteTestNG.java:206)
	at org.testng.remote.RemoteTestNG.main(RemoteTestNG.java:177)
</pre></div><a href='#' onClick='toggleBox("stack-trace1496949625", this, "Click to show all stack frames", "Click to hide stack frames")'>Click to show all stack frames</a>
<div class='stack-trace' id='stack-trace1496949625'><pre>org.testng.TestNGException: 
Parameter &apos;browser&apos; is required by @Configuration on method setUp but has not been marked @Optional or defined
in C:\Users\SWHIZZ TECHNOLOGIES\AppData\Local\Temp\testng-eclipse-1469129873\testng-customsuite.xml
	at org.testng.internal.Parameters.createParameters(Parameters.java:154)
	at org.testng.internal.Parameters.createParameters(Parameters.java:361)
	at org.testng.internal.Parameters.createConfigurationParameters(Parameters.java:84)
	at org.testng.internal.Invoker.invokeConfigurations(Invoker.java:201)
	at org.testng.internal.Invoker.invokeMethod(Invoker.java:589)
	at org.testng.internal.Invoker.invokeTestMethod(Invoker.java:822)
	at org.testng.internal.Invoker.invokeTestMethods(Invoker.java:1130)
	at org.testng.internal.TestMethodWorker.invokeTestMethods(TestMethodWorker.java:129)
	at org.testng.internal.TestMethodWorker.run(TestMethodWorker.java:112)
	at org.testng.TestRunner.privateRun(TestRunner.java:782)
	at org.testng.TestRunner.run(TestRunner.java:632)
	at org.testng.SuiteRunner.runTest(SuiteRunner.java:366)
	at org.testng.SuiteRunner.runSequentially(SuiteRunner.java:361)
	at org.testng.SuiteRunner.privateRun(SuiteRunner.java:319)
	at org.testng.SuiteRunner.run(SuiteRunner.java:268)
	at org.testng.SuiteRunnerWorker.runSuite(SuiteRunnerWorker.java:52)
	at org.testng.SuiteRunnerWorker.run(SuiteRunnerWorker.java:86)
	at org.testng.TestNG.runSuitesSequentially(TestNG.java:1244)
	at org.testng.TestNG.runSuitesLocally(TestNG.java:1169)
	at org.testng.TestNG.run(TestNG.java:1064)
	at org.testng.remote.RemoteTestNG.run(RemoteTestNG.java:113)
	at org.testng.remote.RemoteTestNG.initAndRun(RemoteTestNG.java:206)
	at org.testng.remote.RemoteTestNG.main(RemoteTestNG.java:177)
</pre></div></td>
<td>0</td>
<td>testNG.AddCategory@2aafb23c</td></tr>
</table><p>
<table width='100%' border='1' class='invocation-skipped'>
<tr><td colspan='4' align='center'><b>SKIPPED CONFIGURATIONS</b></td></tr>
<tr><td><b>Test method</b></td>
<td width="30%"><b>Exception</b></td>
<td width="10%"><b>Time (seconds)</b></td>
<td><b>Instance</b></td>
</tr>
<tr>
<td title='testNG.AddCategory.setUp()'><b>setUp</b><br>Test class: testNG.AddCategory</td>
<td></td>
<td>0</td>
<td>testNG.AddCategory@2aafb23c</td></tr>
<tr>
<td title='testNG.AddCategory.setUp()'><b>setUp</b><br>Test class: testNG.AddCategory</td>
<td></td>
<td>0</td>
<td>testNG.AddCategory@2aafb23c</td></tr>
<tr>
<td title='testNG.AddCategory.setUp()'><b>setUp</b><br>Test class: testNG.AddCategory</td>
<td></td>
<td>0</td>
<td>testNG.AddCategory@2aafb23c</td></tr>
<tr>
<td title='testNG.AddCategory.setUp()'><b>setUp</b><br>Test class: testNG.AddCategory</td>
<td></td>
<td>0</td>
<td>testNG.AddCategory@2aafb23c</td></tr>
<tr>
<td title='testNG.AddCategory.setUp()'><b>setUp</b><br>Test class: testNG.AddCategory</td>
<td></td>
<td>0</td>
<td>testNG.AddCategory@2aafb23c</td></tr>
<tr>
<td title='testNG.AddCategory.afterMethod()'><b>afterMethod</b><br>Test class: testNG.AddCategory</td>
<td></td>
<td>0</td>
<td>testNG.AddCategory@2aafb23c</td></tr>
<tr>
<td title='testNG.AddCategory.afterMethod()'><b>afterMethod</b><br>Test class: testNG.AddCategory</td>
<td></td>
<td>0</td>
<td>testNG.AddCategory@2aafb23c</td></tr>
<tr>
<td title='testNG.AddCategory.afterMethod()'><b>afterMethod</b><br>Test class: testNG.AddCategory</td>
<td></td>
<td>0</td>
<td>testNG.AddCategory@2aafb23c</td></tr>
<tr>
<td title='testNG.AddCategory.afterMethod()'><b>afterMethod</b><br>Test class: testNG.AddCategory</td>
<td></td>
<td>0</td>
<td>testNG.AddCategory@2aafb23c</td></tr>
<tr>
<td title='testNG.AddCategory.afterMethod()'><b>afterMethod</b><br>Test class: testNG.AddCategory</td>
<td></td>
<td>0</td>
<td>testNG.AddCategory@2aafb23c</td></tr>
<tr>
<td title='testNG.AddCategory.afterMethod()'><b>afterMethod</b><br>Test class: testNG.AddCategory</td>
<td></td>
<td>0</td>
<td>testNG.AddCategory@2aafb23c</td></tr>
</table><p>
<table width='100%' border='1' class='invocation-skipped'>
<tr><td colspan='4' align='center'><b>SKIPPED TESTS</b></td></tr>
<tr><td><b>Test method</b></td>
<td width="30%"><b>Exception</b></td>
<td width="10%"><b>Time (seconds)</b></td>
<td><b>Instance</b></td>
</tr>
<tr>
<td title='testNG.AddCategory.addcategory()'><b>addcategory</b><br>Test class: testNG.AddCategory<br>Parameters: OnlineTraining, 2, Zoom Call, E-Learning, online traing in madhapur,hyderabad,kphb, pass</td>
<td></td>
<td>0</td>
<td>testNG.AddCategory@2aafb23c</td></tr>
<tr>
<td title='testNG.AddCategory.addcategory()'><b>addcategory</b><br>Test class: testNG.AddCategory<br>Parameters: OfflineTraining, 2, institute, classroom learning, offline batch, pass</td>
<td></td>
<td>0</td>
<td>testNG.AddCategory@2aafb23c</td></tr>
<tr>
<td title='testNG.AddCategory.addcategory()'><b>addcategory</b><br>Test class: testNG.AddCategory<br>Parameters: OnlineTraining, , Zoom Call, , , fail</td>
<td></td>
<td>0</td>
<td>testNG.AddCategory@2aafb23c</td></tr>
<tr>
<td title='testNG.AddCategory.addcategory()'><b>addcategory</b><br>Test class: testNG.AddCategory<br>Parameters: Internship, 5, office based, practical work, projects based training, pass</td>
<td></td>
<td>0</td>
<td>testNG.AddCategory@2aafb23c</td></tr>
<tr>
<td title='testNG.AddCategory.addcategory()'><b>addcategory</b><br>Test class: testNG.AddCategory<br>Parameters: , , , , , fail</td>
<td></td>
<td>0</td>
<td>testNG.AddCategory@2aafb23c</td></tr>
<tr>
<td title='testNG.AddCategory.addcategory()'><b>addcategory</b><br>Test class: testNG.AddCategory<br>Parameters: project management, 2, office based, practical work, projects based training, pass</td>
<td></td>
<td>0</td>
<td>testNG.AddCategory@2aafb23c</td></tr>
</table><p>
</body>
</html>