<!DOCTYPE html PUBLIC "-//W3C//DTD XHTML 1.1//EN" "http://www.w3.org/TR/xhtml11/DTD/xhtml11.dtd">
<html xmlns="http://www.w3.org/1999/xhtml"><head><title>TestNG Report</title><style type="text/css">table {margin-bottom:10px;border-collapse:collapse;empty-cells:show}th,td {border:1px solid #009;padding:.25em .5em}th {vertical-align:bottom}td {vertical-align:top}table a {font-weight:bold}.stripe td {background-color: #E6EBF9}.num {text-align:right}.passedodd td {background-color: #3F3}.passedeven td {background-color: #0A0}.skippedodd td {background-color: #DDD}.skippedeven td {background-color: #CCC}.failedodd td,.attn {background-color: #F33}.failedeven td,.stripe .attn {background-color: #D00}.stacktrace {white-space:pre;font-family:monospace}.totop {font-size:85%;text-align:center;border-bottom:2px solid #000}</style></head><body><table><tr><th>Test</th><th># Passed</th><th># Skipped</th><th># Failed</th><th>Time (ms)</th><th>Included Groups</th><th>Excluded Groups</th></tr><tr><th colspan="7">Admin portal</th></tr><tr><td><a href="#t0">Sanity Testing</a></td><td class="num">8</td><td class="num attn">1</td><td class="num attn">4</td><td class="num">60,655</td><td></td><td></td></tr></table><table><thead><tr><th>Class</th><th>Method</th><th>Start</th><th>Time (ms)</th></tr></thead><tbody><tr><th colspan="4">Admin portal</th></tr></tbody><tbody id="t0"><tr><th colspan="4">Sanity Testing &#8212; failed</th></tr><tr class="failedeven"><td rowspan="2">testNG.AddCategory</td><td><a href="#m0">addcategory</a></td><td rowspan="2">1690024177111</td><td rowspan="2">1567</td></tr><tr class="failedeven"><td><a href="#m1">addcategory</a></td></tr><tr class="failedodd"><td rowspan="1">testNG.Admin</td><td><a href="#m2">loginTestCase</a></td><td rowspan="1">1690024213411</td><td rowspan="1">789</td></tr><tr class="failedeven"><td rowspan="1">testNG.CoursesList</td><td><a href="#m3">addcourse</a></td><td rowspan="1">1690024210746</td><td rowspan="1">118</td></tr><tr><th colspan="4">Sanity Testing &#8212; skipped</th></tr><tr class="skippedeven"><td rowspan="1">testNG.CoursesList</td><td><a href="#m4">addcoursepage</a></td><td rowspan="1">1690024211170</td><td rowspan="1">0</td></tr><tr><th colspan="4">Sanity Testing &#8212; passed</th></tr><tr class="passedeven"><td rowspan="4">testNG.AddCategory</td><td><a href="#m5">addcategory</a></td><td rowspan="4">1690024199372</td><td rowspan="4">1935</td></tr><tr class="passedeven"><td><a href="#m6">addcategory</a></td></tr><tr class="passedeven"><td><a href="#m7">addcategory</a></td></tr><tr class="passedeven"><td><a href="#m8">addcategory</a></td></tr><tr class="passedodd"><td rowspan="1">testNG.CoursesList</td><td><a href="#m9">courses</a></td><td rowspan="1">1690024207098</td><td rowspan="1">30</td></tr><tr class="passedeven"><td rowspan="3">testNG.MyTest</td><td><a href="#m10">abcdtc3</a></td><td rowspan="1">1690024211171</td><td rowspan="1">0</td></tr><tr class="passedeven"><td><a href="#m11">mytest1</a></td><td rowspan="1">1690024211173</td><td rowspan="1">0</td></tr><tr class="passedeven"><td><a href="#m12">secondtc2</a></td><td rowspan="1">1690024211174</td><td rowspan="1">1</td></tr></tbody></table><h2>Sanity Testing</h2><h3 id="m0">testNG.AddCategory#addcategory</h3><table class="result"><tr class="param"><th>Parameter #1</th><th>Parameter #2</th><th>Parameter #3</th><th>Parameter #4</th><th>Parameter #5</th><th>Parameter #6</th></tr><tr class="param stripe"><td>OnlineTraining</td><td></td><td>Zoom Call</td><td></td><td></td><td>fail</td></tr><tr><th colspan="6">Exception</th></tr><tr><td colspan="6"><div class="stacktrace">java.lang.AssertionError: Courses not created expected [true] but found [false]
	at testNG.AddCategory.addcategory(AddCategory.java:90)
... Removed 27 stack frames</div></td></tr></table><p class="totop"><a href="#summary">back to summary</a></p><h3 id="m1">testNG.AddCategory#addcategory</h3><table class="result"><tr class="param"><th>Parameter #1</th><th>Parameter #2</th><th>Parameter #3</th><th>Parameter #4</th><th>Parameter #5</th><th>Parameter #6</th></tr><tr class="param stripe"><td></td><td></td><td></td><td></td><td></td><td>fail</td></tr><tr><th colspan="6">Exception</th></tr><tr><td colspan="6"><div class="stacktrace">java.lang.AssertionError: Courses not created expected [true] but found [false]
	at testNG.AddCategory.addcategory(AddCategory.java:90)
... Removed 27 stack frames</div></td></tr></table><p class="totop"><a href="#summary">back to summary</a></p><h3 id="m2">testNG.Admin#loginTestCase</h3><table class="result"><tr><th>Exception</th></tr><tr><td><div class="stacktrace">java.lang.AssertionError: System logged in to the dashboard page failed expected [true] but found [false]
	at testNG.Admin.loginTestCase(Admin.java:50)
... Removed 27 stack frames</div></td></tr></table><p class="totop"><a href="#summary">back to summary</a></p><h3 id="m3">testNG.CoursesList#addcourse</h3><table class="result"><tr><th>Exception</th></tr><tr><td><div class="stacktrace">org.openqa.selenium.InvalidSelectorException: invalid selector: Unable to locate an element with the xpath expression  because of the following error:
SyntaxError: Failed to execute &apos;evaluate&apos; on &apos;Document&apos;: The string &apos;&apos; is not a valid XPath expression.
  (Session info: chrome=114.0.5735.199)
For documentation on this error, please visit: http://seleniumhq.org/exceptions/invalid_selector_exception.html
Build info: version: &apos;3.14.0&apos;, revision: &apos;aacccce0&apos;, time: &apos;2018-08-02T20:13:22.693Z&apos;
System info: host: &apos;LAPTOP-18R30RO2&apos;, ip: &apos;192.168.0.102&apos;, os.name: &apos;Windows 10&apos;, os.arch: &apos;amd64&apos;, os.version: &apos;10.0&apos;, java.version: &apos;1.8.0_311&apos;
Driver info: org.openqa.selenium.chrome.ChromeDriver
Capabilities {acceptInsecureCerts: false, browserName: chrome, browserVersion: 114.0.5735.199, chrome: {chromedriverVersion: 114.0.5735.90 (386bc09e8f4f..., userDataDir: C:\Users\SWHIZZ~1\AppData\L...}, goog:chromeOptions: {debuggerAddress: localhost:62796}, javascriptEnabled: true, networkConnectionEnabled: false, pageLoadStrategy: normal, platform: WINDOWS, platformName: WINDOWS, proxy: Proxy(), setWindowRect: true, strictFileInteractability: false, timeouts: {implicit: 0, pageLoad: 300000, script: 30000}, unhandledPromptBehavior: dismiss and notify, webauthn:extension:credBlob: true, webauthn:extension:largeBlob: true, webauthn:extension:minPinLength: true, webauthn:extension:prf: true, webauthn:virtualAuthenticators: true}
Session ID: acfd4352dcf8bc5ecddd10e3ca2b845e
*** Element info: {Using=xpath, value=}
	at org.openqa.selenium.remote.http.W3CHttpResponseCodec.createException(W3CHttpResponseCodec.java:187)
	at org.openqa.selenium.remote.http.W3CHttpResponseCodec.decode(W3CHttpResponseCodec.java:122)
	at org.openqa.selenium.remote.http.W3CHttpResponseCodec.decode(W3CHttpResponseCodec.java:49)
	at org.openqa.selenium.remote.HttpCommandExecutor.execute(HttpCommandExecutor.java:158)
	at org.openqa.selenium.remote.service.DriverCommandExecutor.execute(DriverCommandExecutor.java:83)
	at org.openqa.selenium.remote.RemoteWebDriver.execute(RemoteWebDriver.java:548)
	at org.openqa.selenium.remote.RemoteWebDriver.findElement(RemoteWebDriver.java:322)
	at org.openqa.selenium.remote.RemoteWebDriver.findElementByXPath(RemoteWebDriver.java:424)
	at org.openqa.selenium.By$ByXPath.findElement(By.java:353)
	at org.openqa.selenium.remote.RemoteWebDriver.findElement(RemoteWebDriver.java:314)
	at testNG.CoursesList.addcourse(CoursesList.java:55)
... Removed 28 stack frames</div></td></tr></table><p class="totop"><a href="#summary">back to summary</a></p><h3 id="m4">testNG.CoursesList#addcoursepage</h3><table class="result"><tr><th>Exception</th></tr><tr><td><div class="stacktrace">java.lang.Throwable: Method CoursesList.addcoursepage()[pri:2, instance:testNG.CoursesList@35851384] depends on not successfully finished methods
... Removed 17 stack frames</div></td></tr></table><p class="totop"><a href="#summary">back to summary</a></p><h3 id="m5">testNG.AddCategory#addcategory</h3><table class="result"><tr class="param"><th>Parameter #1</th><th>Parameter #2</th><th>Parameter #3</th><th>Parameter #4</th><th>Parameter #5</th><th>Parameter #6</th></tr><tr class="param stripe"><td>project management</td><td>2</td><td>office based</td><td>practical work</td><td>projects based training</td><td>pass</td></tr></table><p class="totop"><a href="#summary">back to summary</a></p><h3 id="m6">testNG.AddCategory#addcategory</h3><table class="result"><tr class="param"><th>Parameter #1</th><th>Parameter #2</th><th>Parameter #3</th><th>Parameter #4</th><th>Parameter #5</th><th>Parameter #6</th></tr><tr class="param stripe"><td>OfflineTraining</td><td>2</td><td>institute</td><td>classroom learning</td><td>offline batch</td><td>pass</td></tr></table><p class="totop"><a href="#summary">back to summary</a></p><h3 id="m7">testNG.AddCategory#addcategory</h3><table class="result"><tr class="param"><th>Parameter #1</th><th>Parameter #2</th><th>Parameter #3</th><th>Parameter #4</th><th>Parameter #5</th><th>Parameter #6</th></tr><tr class="param stripe"><td>OnlineTraining</td><td>2</td><td>Zoom Call</td><td>E-Learning</td><td>online traing in madhapur,hyderabad,kphb</td><td>pass</td></tr></table><p class="totop"><a href="#summary">back to summary</a></p><h3 id="m8">testNG.AddCategory#addcategory</h3><table class="result"><tr class="param"><th>Parameter #1</th><th>Parameter #2</th><th>Parameter #3</th><th>Parameter #4</th><th>Parameter #5</th><th>Parameter #6</th></tr><tr class="param stripe"><td>Internship</td><td>5</td><td>office based</td><td>practical work</td><td>projects based training</td><td>pass</td></tr></table><p class="totop"><a href="#summary">back to summary</a></p><h3 id="m9">testNG.CoursesList#courses</h3><table class="result"></table><p class="totop"><a href="#summary">back to summary</a></p><h3 id="m10">testNG.MyTest#abcdtc3</h3><table class="result"></table><p class="totop"><a href="#summary">back to summary</a></p><h3 id="m11">testNG.MyTest#mytest1</h3><table class="result"></table><p class="totop"><a href="#summary">back to summary</a></p><h3 id="m12">testNG.MyTest#secondtc2</h3><table class="result"></table><p class="totop"><a href="#summary">back to summary</a></p></body></html>