<?xml version="1.0" encoding="UTF-8"?>
<testng-results skipped="1" failed="4" total="13" passed="8">
  <reporter-output>
  </reporter-output>
  <suite name="Admin portal" duration-ms="60655" started-at="2023-07-22T11:09:13Z" finished-at="2023-07-22T11:10:14Z">
    <groups>
      <group name="Courses List">
        <method signature="CoursesList.courses()[pri:0, instance:testNG.CoursesList@35851384]" name="courses" class="testNG.CoursesList"/>
      </group> <!-- Courses List -->
      <group name="Add course">
        <method signature="CoursesList.addcourse()[pri:1, instance:testNG.CoursesList@35851384]" name="addcourse" class="testNG.CoursesList"/>
        <method signature="CoursesList.addcoursepage()[pri:2, instance:testNG.CoursesList@35851384]" name="addcoursepage" class="testNG.CoursesList"/>
      </group> <!-- Add course -->
    </groups>
    <test name="Sanity Testing" duration-ms="60655" started-at="2023-07-22T11:09:13Z" finished-at="2023-07-22T11:10:14Z">
      <class name="testNG.CoursesList">
        <test-method status="PASS" signature="setUp()[pri:0, instance:testNG.CoursesList@35851384]" name="setUp" is-config="true" duration-ms="3377" started-at="2023-07-22T16:40:03Z" finished-at="2023-07-22T16:40:07Z">
          <reporter-output>
          </reporter-output>
        </test-method> <!-- setUp -->
        <test-method status="PASS" signature="courses()[pri:0, instance:testNG.CoursesList@35851384]" name="courses" duration-ms="30" started-at="2023-07-22T16:40:07Z" finished-at="2023-07-22T16:40:07Z">
          <reporter-output>
          </reporter-output>
        </test-method> <!-- courses -->
        <test-method status="PASS" signature="afterMethod()[pri:0, instance:testNG.CoursesList@35851384]" name="afterMethod" is-config="true" duration-ms="317" started-at="2023-07-22T16:40:07Z" finished-at="2023-07-22T16:40:07Z">
          <reporter-output>
          </reporter-output>
        </test-method> <!-- afterMethod -->
        <test-method status="PASS" signature="setUp()[pri:0, instance:testNG.CoursesList@35851384]" name="setUp" is-config="true" duration-ms="3300" started-at="2023-07-22T16:40:07Z" finished-at="2023-07-22T16:40:10Z">
          <reporter-output>
          </reporter-output>
        </test-method> <!-- setUp -->
        <test-method status="FAIL" signature="addcourse()[pri:1, instance:testNG.CoursesList@35851384]" name="addcourse" duration-ms="118" started-at="2023-07-22T16:40:10Z" finished-at="2023-07-22T16:40:10Z">
          <exception class="org.openqa.selenium.InvalidSelectorException">
            <message>
              <![CDATA[invalid selector: Unable to locate an element with the xpath expression  because of the following error:
SyntaxError: Failed to execute 'evaluate' on 'Document': The string '' is not a valid XPath expression.
  (Session info: chrome=114.0.5735.199)
For documentation on this error, please visit: http://seleniumhq.org/exceptions/invalid_selector_exception.html
Build info: version: '3.14.0', revision: 'aacccce0', time: '2018-08-02T20:13:22.693Z'
System info: host: 'LAPTOP-18R30RO2', ip: '192.168.0.102', os.name: 'Windows 10', os.arch: 'amd64', os.version: '10.0', java.version: '1.8.0_311'
Driver info: org.openqa.selenium.chrome.ChromeDriver
Capabilities {acceptInsecureCerts: false, browserName: chrome, browserVersion: 114.0.5735.199, chrome: {chromedriverVersion: 114.0.5735.90 (386bc09e8f4f..., userDataDir: C:\Users\SWHIZZ~1\AppData\L...}, goog:chromeOptions: {debuggerAddress: localhost:62796}, javascriptEnabled: true, networkConnectionEnabled: false, pageLoadStrategy: normal, platform: WINDOWS, platformName: WINDOWS, proxy: Proxy(), setWindowRect: true, strictFileInteractability: false, timeouts: {implicit: 0, pageLoad: 300000, script: 30000}, unhandledPromptBehavior: dismiss and notify, webauthn:extension:credBlob: true, webauthn:extension:largeBlob: true, webauthn:extension:minPinLength: true, webauthn:extension:prf: true, webauthn:virtualAuthenticators: true}
Session ID: acfd4352dcf8bc5ecddd10e3ca2b845e
*** Element info: {Using=xpath, value=}]]>
            </message>
            <full-stacktrace>
              <![CDATA[org.openqa.selenium.InvalidSelectorException: invalid selector: Unable to locate an element with the xpath expression  because of the following error:
SyntaxError: Failed to execute 'evaluate' on 'Document': The string '' is not a valid XPath expression.
  (Session info: chrome=114.0.5735.199)
For documentation on this error, please visit: http://seleniumhq.org/exceptions/invalid_selector_exception.html
Build info: version: '3.14.0', revision: 'aacccce0', time: '2018-08-02T20:13:22.693Z'
System info: host: 'LAPTOP-18R30RO2', ip: '192.168.0.102', os.name: 'Windows 10', os.arch: 'amd64', os.version: '10.0', java.version: '1.8.0_311'
Driver info: org.openqa.selenium.chrome.ChromeDriver
Capabilities {acceptInsecureCerts: false, browserName: chrome, browserVersion: 114.0.5735.199, chrome: {chromedriverVersion: 114.0.5735.90 (386bc09e8f4f..., userDataDir: C:\Users\SWHIZZ~1\AppData\L...}, goog:chromeOptions: {debuggerAddress: localhost:62796}, javascriptEnabled: true, networkConnectionEnabled: false, pageLoadStrategy: normal, platform: WINDOWS, platformName: WINDOWS, proxy: Proxy(), setWindowRect: true, strictFileInteractability: false, timeouts: {implicit: 0, pageLoad: 300000, script: 30000}, unhandledPromptBehavior: dismiss and notify, webauthn:extension:credBlob: true, webauthn:extension:largeBlob: true, webauthn:extension:minPinLength: true, webauthn:extension:prf: true, webauthn:virtualAuthenticators: true}
Session ID: acfd4352dcf8bc5ecddd10e3ca2b845e
*** Element info: {Using=xpath, value=}
	at sun.reflect.NativeConstructorAccessorImpl.newInstance0(Native Method)
	at sun.reflect.NativeConstructorAccessorImpl.newInstance(NativeConstructorAccessorImpl.java:62)
	at sun.reflect.DelegatingConstructorAccessorImpl.newInstance(DelegatingConstructorAccessorImpl.java:45)
	at java.lang.reflect.Constructor.newInstance(Constructor.java:423)
	at org.openqa.selenium.remote.http.W3CHttpResponseCodec.createException(W3CHttpResponseCodec.java:187)
	at org.openqa.selenium.remote.http.W3CHttpResponseCodec.decode(W3CHttpResponseCodec.java:122)
	at org.openqa.selenium.remote.http.W3CHttpResponseCodec.decode(W3CHttpResponseCodec.java:49)
	at org.openqa.selenium.remote.HttpCommandExecutor.execute(HttpCommandExecutor.java:158)
	at org.openqa.selenium.remote.service.DriverCommandExecutor.execute(DriverCommandExecutor.java:83)
	at org.openqa.selenium.remote.RemoteWebDriver.execute(RemoteWebDriver.java:548)
	at org.openqa.selenium.remote.RemoteWebDriver.findElement(RemoteWebDriver.java:322)
	at org.openqa.selenium.remote.RemoteWebDriver.findElementByXPath(RemoteWebDriver.java:424)
	at org.openqa.selenium.By$ByXPath.findElement(By.java:353)
	at org.openqa.selenium.remote.RemoteWebDriver.findElement(RemoteWebDriver.java:314)
	at testNG.CoursesList.addcourse(CoursesList.java:55)
	at sun.reflect.NativeMethodAccessorImpl.invoke0(Native Method)
	at sun.reflect.NativeMethodAccessorImpl.invoke(NativeMethodAccessorImpl.java:62)
	at sun.reflect.DelegatingMethodAccessorImpl.invoke(DelegatingMethodAccessorImpl.java:43)
	at java.lang.reflect.Method.invoke(Method.java:498)
	at org.testng.internal.MethodInvocationHelper.invokeMethod(MethodInvocationHelper.java:86)
	at org.testng.internal.Invoker.invokeMethod(Invoker.java:645)
	at org.testng.internal.Invoker.invokeTestMethod(Invoker.java:822)
	at org.testng.internal.Invoker.invokeTestMethods(Invoker.java:1130)
	at org.testng.internal.TestMethodWorker.invokeTestMethods(TestMethodWorker.java:129)
	at org.testng.internal.TestMethodWorker.run(TestMethodWorker.java:112)
	at org.testng.TestRunner.privateRun(TestRunner.java:782)
	at org.testng.TestRunner.run(TestRunner.java:632)
	at org.testng.SuiteRunner.runTest(SuiteRunner.java:366)
	at org.testng.SuiteRunner.runSequentially(SuiteRunner.java:361)
	at org.testng.SuiteRunner.privateRun(SuiteRunner.java:319)
	at org.testng.SuiteRunner.run(SuiteRunner.java:268)
	at org.testng.SuiteRunnerWorker.runSuite(SuiteRunnerWorker.java:52)
	at org.testng.SuiteRunnerWorker.run(SuiteRunnerWorker.java:86)
	at org.testng.TestNG.runSuitesSequentially(TestNG.java:1244)
	at org.testng.TestNG.runSuitesLocally(TestNG.java:1169)
	at org.testng.TestNG.run(TestNG.java:1064)
	at org.testng.remote.RemoteTestNG.run(RemoteTestNG.java:113)
	at org.testng.remote.RemoteTestNG.initAndRun(RemoteTestNG.java:206)
	at org.testng.remote.RemoteTestNG.main(RemoteTestNG.java:177)
]]>
            </full-stacktrace>
          </exception> <!-- org.openqa.selenium.InvalidSelectorException -->
          <reporter-output>
          </reporter-output>
        </test-method> <!-- addcourse -->
        <test-method status="PASS" signature="afterMethod()[pri:0, instance:testNG.CoursesList@35851384]" name="afterMethod" is-config="true" duration-ms="304" started-at="2023-07-22T16:40:10Z" finished-at="2023-07-22T16:40:11Z">
          <reporter-output>
          </reporter-output>
        </test-method> <!-- afterMethod -->
        <test-method status="SKIP" signature="addcoursepage()[pri:2, instance:testNG.CoursesList@35851384]" name="addcoursepage" duration-ms="0" started-at="2023-07-22T16:40:11Z" depends-on-methods="testNG.CoursesList.addcourse" finished-at="2023-07-22T16:40:11Z">
          <exception class="java.lang.Throwable">
            <message>
              <![CDATA[Method CoursesList.addcoursepage()[pri:2, instance:testNG.CoursesList@35851384] depends on not successfully finished methods]]>
            </message>
            <full-stacktrace>
              <![CDATA[java.lang.Throwable: Method CoursesList.addcoursepage()[pri:2, instance:testNG.CoursesList@35851384] depends on not successfully finished methods
	at org.testng.internal.Invoker.invokeTestMethods(Invoker.java:1039)
	at org.testng.internal.TestMethodWorker.invokeTestMethods(TestMethodWorker.java:129)
	at org.testng.internal.TestMethodWorker.run(TestMethodWorker.java:112)
	at org.testng.TestRunner.privateRun(TestRunner.java:782)
	at org.testng.TestRunner.run(TestRunner.java:632)
	at org.testng.SuiteRunner.runTest(SuiteRunner.java:366)
	at org.testng.SuiteRunner.runSequentially(SuiteRunner.java:361)
	at org.testng.SuiteRunner.privateRun(SuiteRunner.java:319)
	at org.testng.SuiteRunner.run(SuiteRunner.java:268)
	at org.testng.SuiteRunnerWorker.runSuite(SuiteRunnerWorker.java:52)
	at org.testng.SuiteRunnerWorker.run(SuiteRunnerWorker.java:86)
	at org.testng.TestNG.runSuitesSequentially(TestNG.java:1244)
	at org.testng.TestNG.runSuitesLocally(TestNG.java:1169)
	at org.testng.TestNG.run(TestNG.java:1064)
	at org.testng.remote.RemoteTestNG.run(RemoteTestNG.java:113)
	at org.testng.remote.RemoteTestNG.initAndRun(RemoteTestNG.java:206)
	at org.testng.remote.RemoteTestNG.main(RemoteTestNG.java:177)
]]>
            </full-stacktrace>
          </exception> <!-- java.lang.Throwable -->
          <reporter-output>
          </reporter-output>
        </test-method> <!-- addcoursepage -->
      </class> <!-- testNG.CoursesList -->
      <class name="testNG.MyTest">
        <test-method status="PASS" signature="beforeSuite()[pri:0, instance:testNG.MyTest@2aaf7cc2]" name="beforeSuite" is-config="true" duration-ms="6" started-at="2023-07-22T16:39:13Z" finished-at="2023-07-22T16:39:13Z">
          <reporter-output>
          </reporter-output>
        </test-method> <!-- beforeSuite -->
        <test-method status="PASS" signature="beforeClass()[pri:0, instance:testNG.MyTest@2aaf7cc2]" name="beforeClass" is-config="true" duration-ms="1" started-at="2023-07-22T16:40:11Z" finished-at="2023-07-22T16:40:11Z">
          <reporter-output>
          </reporter-output>
        </test-method> <!-- beforeClass -->
        <test-method status="PASS" signature="beforeMethod()[pri:0, instance:testNG.MyTest@2aaf7cc2]" name="beforeMethod" is-config="true" duration-ms="0" started-at="2023-07-22T16:40:11Z" finished-at="2023-07-22T16:40:11Z">
          <reporter-output>
          </reporter-output>
        </test-method> <!-- beforeMethod -->
        <test-method status="PASS" signature="abcdtc3()[pri:0, instance:testNG.MyTest@2aaf7cc2]" name="abcdtc3" duration-ms="0" started-at="2023-07-22T16:40:11Z" finished-at="2023-07-22T16:40:11Z">
          <reporter-output>
          </reporter-output>
        </test-method> <!-- abcdtc3 -->
        <test-method status="PASS" signature="beforeMethod()[pri:0, instance:testNG.MyTest@2aaf7cc2]" name="beforeMethod" is-config="true" duration-ms="1" started-at="2023-07-22T16:40:11Z" finished-at="2023-07-22T16:40:11Z">
          <reporter-output>
          </reporter-output>
        </test-method> <!-- beforeMethod -->
        <test-method status="PASS" signature="afterMethod()[pri:0, instance:testNG.MyTest@2aaf7cc2]" name="afterMethod" is-config="true" duration-ms="0" started-at="2023-07-22T16:40:11Z" finished-at="2023-07-22T16:40:11Z">
          <reporter-output>
          </reporter-output>
        </test-method> <!-- afterMethod -->
        <test-method status="PASS" signature="afterMethod()[pri:0, instance:testNG.MyTest@2aaf7cc2]" name="afterMethod" is-config="true" duration-ms="1" started-at="2023-07-22T16:40:11Z" finished-at="2023-07-22T16:40:11Z">
          <reporter-output>
          </reporter-output>
        </test-method> <!-- afterMethod -->
        <test-method status="PASS" signature="mytest1()[pri:0, instance:testNG.MyTest@2aaf7cc2]" name="mytest1" duration-ms="0" started-at="2023-07-22T16:40:11Z" finished-at="2023-07-22T16:40:11Z">
          <reporter-output>
          </reporter-output>
        </test-method> <!-- mytest1 -->
        <test-method status="PASS" signature="secondtc2()[pri:0, instance:testNG.MyTest@2aaf7cc2]" name="secondtc2" duration-ms="1" started-at="2023-07-22T16:40:11Z" finished-at="2023-07-22T16:40:11Z">
          <reporter-output>
          </reporter-output>
        </test-method> <!-- secondtc2 -->
        <test-method status="PASS" signature="beforeMethod()[pri:0, instance:testNG.MyTest@2aaf7cc2]" name="beforeMethod" is-config="true" duration-ms="0" started-at="2023-07-22T16:40:11Z" finished-at="2023-07-22T16:40:11Z">
          <reporter-output>
          </reporter-output>
        </test-method> <!-- beforeMethod -->
        <test-method status="PASS" signature="afterMethod()[pri:0, instance:testNG.MyTest@2aaf7cc2]" name="afterMethod" is-config="true" duration-ms="0" started-at="2023-07-22T16:40:11Z" finished-at="2023-07-22T16:40:11Z">
          <reporter-output>
          </reporter-output>
        </test-method> <!-- afterMethod -->
        <test-method status="PASS" signature="afterClass()[pri:0, instance:testNG.MyTest@2aaf7cc2]" name="afterClass" is-config="true" duration-ms="0" started-at="2023-07-22T16:40:11Z" finished-at="2023-07-22T16:40:11Z">
          <reporter-output>
          </reporter-output>
        </test-method> <!-- afterClass -->
        <test-method status="PASS" signature="afterTest()[pri:0, instance:testNG.MyTest@2aaf7cc2]" name="afterTest" is-config="true" duration-ms="1" started-at="2023-07-22T16:40:14Z" finished-at="2023-07-22T16:40:14Z">
          <reporter-output>
          </reporter-output>
        </test-method> <!-- afterTest -->
        <test-method status="PASS" signature="afterSuite()[pri:0, instance:testNG.MyTest@2aaf7cc2]" name="afterSuite" is-config="true" duration-ms="1" started-at="2023-07-22T16:40:14Z" finished-at="2023-07-22T16:40:14Z">
          <reporter-output>
          </reporter-output>
        </test-method> <!-- afterSuite -->
      </class> <!-- testNG.MyTest -->
      <class name="testNG.Admin">
        <test-method status="PASS" signature="beforeTest()[pri:0, instance:testNG.MyTest@2aaf7cc2]" name="beforeTest" is-config="true" duration-ms="1" started-at="2023-07-22T16:39:13Z" finished-at="2023-07-22T16:39:13Z">
          <reporter-output>
          </reporter-output>
        </test-method> <!-- beforeTest -->
        <test-method status="PASS" signature="beforeTest()[pri:0, instance:testNG.Admin@6e3c1e69]" name="beforeTest" is-config="true" duration-ms="0" started-at="2023-07-22T16:39:13Z" finished-at="2023-07-22T16:39:13Z">
          <reporter-output>
          </reporter-output>
        </test-method> <!-- beforeTest -->
        <test-method status="PASS" signature="setUp()[pri:0, instance:testNG.Admin@6e3c1e69]" name="setUp" is-config="true" duration-ms="2235" started-at="2023-07-22T16:40:11Z" finished-at="2023-07-22T16:40:13Z">
          <reporter-output>
          </reporter-output>
        </test-method> <!-- setUp -->
        <test-method status="FAIL" signature="loginTestCase()[pri:0, instance:testNG.Admin@6e3c1e69]" name="loginTestCase" duration-ms="789" started-at="2023-07-22T16:40:13Z" finished-at="2023-07-22T16:40:14Z">
          <exception class="java.lang.AssertionError">
            <message>
              <![CDATA[System logged in to the dashboard page failed expected [true] but found [false]]]>
            </message>
            <full-stacktrace>
              <![CDATA[java.lang.AssertionError: System logged in to the dashboard page failed expected [true] but found [false]
	at org.testng.Assert.fail(Assert.java:94)
	at org.testng.Assert.failNotEquals(Assert.java:513)
	at org.testng.Assert.assertTrue(Assert.java:42)
	at testNG.Admin.loginTestCase(Admin.java:50)
	at sun.reflect.NativeMethodAccessorImpl.invoke0(Native Method)
	at sun.reflect.NativeMethodAccessorImpl.invoke(NativeMethodAccessorImpl.java:62)
	at sun.reflect.DelegatingMethodAccessorImpl.invoke(DelegatingMethodAccessorImpl.java:43)
	at java.lang.reflect.Method.invoke(Method.java:498)
	at org.testng.internal.MethodInvocationHelper.invokeMethod(MethodInvocationHelper.java:86)
	at org.testng.internal.Invoker.invokeMethod(Invoker.java:645)
	at org.testng.internal.Invoker.invokeTestMethod(Invoker.java:822)
	at org.testng.internal.Invoker.invokeTestMethods(Invoker.java:1130)
	at org.testng.internal.TestMethodWorker.invokeTestMethods(TestMethodWorker.java:129)
	at org.testng.internal.TestMethodWorker.run(TestMethodWorker.java:112)
	at org.testng.TestRunner.privateRun(TestRunner.java:782)
	at org.testng.TestRunner.run(TestRunner.java:632)
	at org.testng.SuiteRunner.runTest(SuiteRunner.java:366)
	at org.testng.SuiteRunner.runSequentially(SuiteRunner.java:361)
	at org.testng.SuiteRunner.privateRun(SuiteRunner.java:319)
	at org.testng.SuiteRunner.run(SuiteRunner.java:268)
	at org.testng.SuiteRunnerWorker.runSuite(SuiteRunnerWorker.java:52)
	at org.testng.SuiteRunnerWorker.run(SuiteRunnerWorker.java:86)
	at org.testng.TestNG.runSuitesSequentially(TestNG.java:1244)
	at org.testng.TestNG.runSuitesLocally(TestNG.java:1169)
	at org.testng.TestNG.run(TestNG.java:1064)
	at org.testng.remote.RemoteTestNG.run(RemoteTestNG.java:113)
	at org.testng.remote.RemoteTestNG.initAndRun(RemoteTestNG.java:206)
	at org.testng.remote.RemoteTestNG.main(RemoteTestNG.java:177)
]]>
            </full-stacktrace>
          </exception> <!-- java.lang.AssertionError -->
          <reporter-output>
          </reporter-output>
        </test-method> <!-- loginTestCase -->
        <test-method status="PASS" signature="tearDown()[pri:0, instance:testNG.Admin@6e3c1e69]" name="tearDown" is-config="true" duration-ms="375" started-at="2023-07-22T16:40:14Z" finished-at="2023-07-22T16:40:14Z">
          <reporter-output>
          </reporter-output>
        </test-method> <!-- tearDown -->
      </class> <!-- testNG.Admin -->
      <class name="testNG.AddCategory">
        <test-method status="PASS" signature="setUp(java.lang.String, java.lang.String, java.lang.String, java.lang.String)[pri:0, instance:testNG.AddCategory@1888ff2c]" name="setUp" is-config="true" duration-ms="4681" started-at="2023-07-22T16:39:15Z" finished-at="2023-07-22T16:39:20Z">
          <params>
            <param index="0">
              <value>
                <![CDATA[chrome]]>
              </value>
            </param>
            <param index="1">
              <value>
                <![CDATA[http://integratedtoolingsystems.in/1swishzz_staging/admin]]>
              </value>
            </param>
            <param index="2">
              <value>
                <![CDATA[admin@admin.com]]>
              </value>
            </param>
            <param index="3">
              <value>
                <![CDATA[123456]]>
              </value>
            </param>
          </params>
          <reporter-output>
          </reporter-output>
        </test-method> <!-- setUp -->
        <test-method status="PASS" signature="addcategory(java.lang.String, java.lang.String, java.lang.String, java.lang.String, java.lang.String, java.lang.String)[pri:0, instance:testNG.AddCategory@1888ff2c]" name="addcategory" duration-ms="3056" started-at="2023-07-22T16:39:20Z" data-provider="celldata" finished-at="2023-07-22T16:39:23Z">
          <params>
            <param index="0">
              <value>
                <![CDATA[OnlineTraining]]>
              </value>
            </param>
            <param index="1">
              <value>
                <![CDATA[2]]>
              </value>
            </param>
            <param index="2">
              <value>
                <![CDATA[Zoom Call]]>
              </value>
            </param>
            <param index="3">
              <value>
                <![CDATA[E-Learning]]>
              </value>
            </param>
            <param index="4">
              <value>
                <![CDATA[online traing in madhapur,hyderabad,kphb]]>
              </value>
            </param>
            <param index="5">
              <value>
                <![CDATA[pass]]>
              </value>
            </param>
          </params>
          <reporter-output>
          </reporter-output>
        </test-method> <!-- addcategory -->
        <test-method status="PASS" signature="afterMethod()[pri:0, instance:testNG.AddCategory@1888ff2c]" name="afterMethod" is-config="true" duration-ms="2699" started-at="2023-07-22T16:39:23Z" finished-at="2023-07-22T16:39:26Z">
          <reporter-output>
          </reporter-output>
        </test-method> <!-- afterMethod -->
        <test-method status="PASS" signature="setUp(java.lang.String, java.lang.String, java.lang.String, java.lang.String)[pri:0, instance:testNG.AddCategory@1888ff2c]" name="setUp" is-config="true" duration-ms="3220" started-at="2023-07-22T16:39:26Z" finished-at="2023-07-22T16:39:29Z">
          <params>
            <param index="0">
              <value>
                <![CDATA[chrome]]>
              </value>
            </param>
            <param index="1">
              <value>
                <![CDATA[http://integratedtoolingsystems.in/1swishzz_staging/admin]]>
              </value>
            </param>
            <param index="2">
              <value>
                <![CDATA[admin@admin.com]]>
              </value>
            </param>
            <param index="3">
              <value>
                <![CDATA[123456]]>
              </value>
            </param>
          </params>
          <reporter-output>
          </reporter-output>
        </test-method> <!-- setUp -->
        <test-method status="PASS" signature="addcategory(java.lang.String, java.lang.String, java.lang.String, java.lang.String, java.lang.String, java.lang.String)[pri:0, instance:testNG.AddCategory@1888ff2c]" name="addcategory" duration-ms="1899" started-at="2023-07-22T16:39:29Z" data-provider="celldata" finished-at="2023-07-22T16:39:31Z">
          <params>
            <param index="0">
              <value>
                <![CDATA[OfflineTraining]]>
              </value>
            </param>
            <param index="1">
              <value>
                <![CDATA[2]]>
              </value>
            </param>
            <param index="2">
              <value>
                <![CDATA[institute]]>
              </value>
            </param>
            <param index="3">
              <value>
                <![CDATA[classroom learning]]>
              </value>
            </param>
            <param index="4">
              <value>
                <![CDATA[offline batch]]>
              </value>
            </param>
            <param index="5">
              <value>
                <![CDATA[pass]]>
              </value>
            </param>
          </params>
          <reporter-output>
          </reporter-output>
        </test-method> <!-- addcategory -->
        <test-method status="PASS" signature="afterMethod()[pri:0, instance:testNG.AddCategory@1888ff2c]" name="afterMethod" is-config="true" duration-ms="2300" started-at="2023-07-22T16:39:31Z" finished-at="2023-07-22T16:39:33Z">
          <reporter-output>
          </reporter-output>
        </test-method> <!-- afterMethod -->
        <test-method status="PASS" signature="setUp(java.lang.String, java.lang.String, java.lang.String, java.lang.String)[pri:0, instance:testNG.AddCategory@1888ff2c]" name="setUp" is-config="true" duration-ms="3457" started-at="2023-07-22T16:39:33Z" finished-at="2023-07-22T16:39:37Z">
          <params>
            <param index="0">
              <value>
                <![CDATA[chrome]]>
              </value>
            </param>
            <param index="1">
              <value>
                <![CDATA[http://integratedtoolingsystems.in/1swishzz_staging/admin]]>
              </value>
            </param>
            <param index="2">
              <value>
                <![CDATA[admin@admin.com]]>
              </value>
            </param>
            <param index="3">
              <value>
                <![CDATA[123456]]>
              </value>
            </param>
          </params>
          <reporter-output>
          </reporter-output>
        </test-method> <!-- setUp -->
        <test-method status="FAIL" signature="addcategory(java.lang.String, java.lang.String, java.lang.String, java.lang.String, java.lang.String, java.lang.String)[pri:0, instance:testNG.AddCategory@1888ff2c]" name="addcategory" duration-ms="1567" started-at="2023-07-22T16:39:37Z" data-provider="celldata" finished-at="2023-07-22T16:39:38Z">
          <params>
            <param index="0">
              <value>
                <![CDATA[OnlineTraining]]>
              </value>
            </param>
            <param index="1">
              <value>
                <![CDATA[]]>
              </value>
            </param>
            <param index="2">
              <value>
                <![CDATA[Zoom Call]]>
              </value>
            </param>
            <param index="3">
              <value>
                <![CDATA[]]>
              </value>
            </param>
            <param index="4">
              <value>
                <![CDATA[]]>
              </value>
            </param>
            <param index="5">
              <value>
                <![CDATA[fail]]>
              </value>
            </param>
          </params>
          <exception class="java.lang.AssertionError">
            <message>
              <![CDATA[Courses not created expected [true] but found [false]]]>
            </message>
            <full-stacktrace>
              <![CDATA[java.lang.AssertionError: Courses not created expected [true] but found [false]
	at org.testng.Assert.fail(Assert.java:94)
	at org.testng.Assert.failNotEquals(Assert.java:513)
	at org.testng.Assert.assertTrue(Assert.java:42)
	at testNG.AddCategory.addcategory(AddCategory.java:90)
	at sun.reflect.NativeMethodAccessorImpl.invoke0(Native Method)
	at sun.reflect.NativeMethodAccessorImpl.invoke(NativeMethodAccessorImpl.java:62)
	at sun.reflect.DelegatingMethodAccessorImpl.invoke(DelegatingMethodAccessorImpl.java:43)
	at java.lang.reflect.Method.invoke(Method.java:498)
	at org.testng.internal.MethodInvocationHelper.invokeMethod(MethodInvocationHelper.java:86)
	at org.testng.internal.Invoker.invokeMethod(Invoker.java:645)
	at org.testng.internal.Invoker.invokeTestMethod(Invoker.java:822)
	at org.testng.internal.Invoker.invokeTestMethods(Invoker.java:1130)
	at org.testng.internal.TestMethodWorker.invokeTestMethods(TestMethodWorker.java:129)
	at org.testng.internal.TestMethodWorker.run(TestMethodWorker.java:112)
	at org.testng.TestRunner.privateRun(TestRunner.java:782)
	at org.testng.TestRunner.run(TestRunner.java:632)
	at org.testng.SuiteRunner.runTest(SuiteRunner.java:366)
	at org.testng.SuiteRunner.runSequentially(SuiteRunner.java:361)
	at org.testng.SuiteRunner.privateRun(SuiteRunner.java:319)
	at org.testng.SuiteRunner.run(SuiteRunner.java:268)
	at org.testng.SuiteRunnerWorker.runSuite(SuiteRunnerWorker.java:52)
	at org.testng.SuiteRunnerWorker.run(SuiteRunnerWorker.java:86)
	at org.testng.TestNG.runSuitesSequentially(TestNG.java:1244)
	at org.testng.TestNG.runSuitesLocally(TestNG.java:1169)
	at org.testng.TestNG.run(TestNG.java:1064)
	at org.testng.remote.RemoteTestNG.run(RemoteTestNG.java:113)
	at org.testng.remote.RemoteTestNG.initAndRun(RemoteTestNG.java:206)
	at org.testng.remote.RemoteTestNG.main(RemoteTestNG.java:177)
]]>
            </full-stacktrace>
          </exception> <!-- java.lang.AssertionError -->
          <reporter-output>
          </reporter-output>
        </test-method> <!-- addcategory -->
        <test-method status="PASS" signature="afterMethod()[pri:0, instance:testNG.AddCategory@1888ff2c]" name="afterMethod" is-config="true" duration-ms="2359" started-at="2023-07-22T16:39:38Z" finished-at="2023-07-22T16:39:41Z">
          <reporter-output>
          </reporter-output>
        </test-method> <!-- afterMethod -->
        <test-method status="PASS" signature="setUp(java.lang.String, java.lang.String, java.lang.String, java.lang.String)[pri:0, instance:testNG.AddCategory@1888ff2c]" name="setUp" is-config="true" duration-ms="3370" started-at="2023-07-22T16:39:41Z" finished-at="2023-07-22T16:39:44Z">
          <params>
            <param index="0">
              <value>
                <![CDATA[chrome]]>
              </value>
            </param>
            <param index="1">
              <value>
                <![CDATA[http://integratedtoolingsystems.in/1swishzz_staging/admin]]>
              </value>
            </param>
            <param index="2">
              <value>
                <![CDATA[admin@admin.com]]>
              </value>
            </param>
            <param index="3">
              <value>
                <![CDATA[123456]]>
              </value>
            </param>
          </params>
          <reporter-output>
          </reporter-output>
        </test-method> <!-- setUp -->
        <test-method status="PASS" signature="addcategory(java.lang.String, java.lang.String, java.lang.String, java.lang.String, java.lang.String, java.lang.String)[pri:0, instance:testNG.AddCategory@1888ff2c]" name="addcategory" duration-ms="1959" started-at="2023-07-22T16:39:44Z" data-provider="celldata" finished-at="2023-07-22T16:39:46Z">
          <params>
            <param index="0">
              <value>
                <![CDATA[Internship]]>
              </value>
            </param>
            <param index="1">
              <value>
                <![CDATA[5]]>
              </value>
            </param>
            <param index="2">
              <value>
                <![CDATA[office based]]>
              </value>
            </param>
            <param index="3">
              <value>
                <![CDATA[practical work]]>
              </value>
            </param>
            <param index="4">
              <value>
                <![CDATA[projects based training]]>
              </value>
            </param>
            <param index="5">
              <value>
                <![CDATA[pass]]>
              </value>
            </param>
          </params>
          <reporter-output>
          </reporter-output>
        </test-method> <!-- addcategory -->
        <test-method status="PASS" signature="afterMethod()[pri:0, instance:testNG.AddCategory@1888ff2c]" name="afterMethod" is-config="true" duration-ms="2403" started-at="2023-07-22T16:39:46Z" finished-at="2023-07-22T16:39:48Z">
          <reporter-output>
          </reporter-output>
        </test-method> <!-- afterMethod -->
        <test-method status="PASS" signature="setUp(java.lang.String, java.lang.String, java.lang.String, java.lang.String)[pri:0, instance:testNG.AddCategory@1888ff2c]" name="setUp" is-config="true" duration-ms="3355" started-at="2023-07-22T16:39:48Z" finished-at="2023-07-22T16:39:52Z">
          <params>
            <param index="0">
              <value>
                <![CDATA[chrome]]>
              </value>
            </param>
            <param index="1">
              <value>
                <![CDATA[http://integratedtoolingsystems.in/1swishzz_staging/admin]]>
              </value>
            </param>
            <param index="2">
              <value>
                <![CDATA[admin@admin.com]]>
              </value>
            </param>
            <param index="3">
              <value>
                <![CDATA[123456]]>
              </value>
            </param>
          </params>
          <reporter-output>
          </reporter-output>
        </test-method> <!-- setUp -->
        <test-method status="FAIL" signature="addcategory(java.lang.String, java.lang.String, java.lang.String, java.lang.String, java.lang.String, java.lang.String)[pri:0, instance:testNG.AddCategory@1888ff2c]" name="addcategory" duration-ms="1503" started-at="2023-07-22T16:39:52Z" data-provider="celldata" finished-at="2023-07-22T16:39:53Z">
          <params>
            <param index="0">
              <value>
                <![CDATA[]]>
              </value>
            </param>
            <param index="1">
              <value>
                <![CDATA[]]>
              </value>
            </param>
            <param index="2">
              <value>
                <![CDATA[]]>
              </value>
            </param>
            <param index="3">
              <value>
                <![CDATA[]]>
              </value>
            </param>
            <param index="4">
              <value>
                <![CDATA[]]>
              </value>
            </param>
            <param index="5">
              <value>
                <![CDATA[fail]]>
              </value>
            </param>
          </params>
          <exception class="java.lang.AssertionError">
            <message>
              <![CDATA[Courses not created expected [true] but found [false]]]>
            </message>
            <full-stacktrace>
              <![CDATA[java.lang.AssertionError: Courses not created expected [true] but found [false]
	at org.testng.Assert.fail(Assert.java:94)
	at org.testng.Assert.failNotEquals(Assert.java:513)
	at org.testng.Assert.assertTrue(Assert.java:42)
	at testNG.AddCategory.addcategory(AddCategory.java:90)
	at sun.reflect.NativeMethodAccessorImpl.invoke0(Native Method)
	at sun.reflect.NativeMethodAccessorImpl.invoke(NativeMethodAccessorImpl.java:62)
	at sun.reflect.DelegatingMethodAccessorImpl.invoke(DelegatingMethodAccessorImpl.java:43)
	at java.lang.reflect.Method.invoke(Method.java:498)
	at org.testng.internal.MethodInvocationHelper.invokeMethod(MethodInvocationHelper.java:86)
	at org.testng.internal.Invoker.invokeMethod(Invoker.java:645)
	at org.testng.internal.Invoker.invokeTestMethod(Invoker.java:822)
	at org.testng.internal.Invoker.invokeTestMethods(Invoker.java:1130)
	at org.testng.internal.TestMethodWorker.invokeTestMethods(TestMethodWorker.java:129)
	at org.testng.internal.TestMethodWorker.run(TestMethodWorker.java:112)
	at org.testng.TestRunner.privateRun(TestRunner.java:782)
	at org.testng.TestRunner.run(TestRunner.java:632)
	at org.testng.SuiteRunner.runTest(SuiteRunner.java:366)
	at org.testng.SuiteRunner.runSequentially(SuiteRunner.java:361)
	at org.testng.SuiteRunner.privateRun(SuiteRunner.java:319)
	at org.testng.SuiteRunner.run(SuiteRunner.java:268)
	at org.testng.SuiteRunnerWorker.runSuite(SuiteRunnerWorker.java:52)
	at org.testng.SuiteRunnerWorker.run(SuiteRunnerWorker.java:86)
	at org.testng.TestNG.runSuitesSequentially(TestNG.java:1244)
	at org.testng.TestNG.runSuitesLocally(TestNG.java:1169)
	at org.testng.TestNG.run(TestNG.java:1064)
	at org.testng.remote.RemoteTestNG.run(RemoteTestNG.java:113)
	at org.testng.remote.RemoteTestNG.initAndRun(RemoteTestNG.java:206)
	at org.testng.remote.RemoteTestNG.main(RemoteTestNG.java:177)
]]>
            </full-stacktrace>
          </exception> <!-- java.lang.AssertionError -->
          <reporter-output>
          </reporter-output>
        </test-method> <!-- addcategory -->
        <test-method status="PASS" signature="afterMethod()[pri:0, instance:testNG.AddCategory@1888ff2c]" name="afterMethod" is-config="true" duration-ms="2404" started-at="2023-07-22T16:39:53Z" finished-at="2023-07-22T16:39:56Z">
          <reporter-output>
          </reporter-output>
        </test-method> <!-- afterMethod -->
        <test-method status="PASS" signature="setUp(java.lang.String, java.lang.String, java.lang.String, java.lang.String)[pri:0, instance:testNG.AddCategory@1888ff2c]" name="setUp" is-config="true" duration-ms="3337" started-at="2023-07-22T16:39:56Z" finished-at="2023-07-22T16:39:59Z">
          <params>
            <param index="0">
              <value>
                <![CDATA[chrome]]>
              </value>
            </param>
            <param index="1">
              <value>
                <![CDATA[http://integratedtoolingsystems.in/1swishzz_staging/admin]]>
              </value>
            </param>
            <param index="2">
              <value>
                <![CDATA[admin@admin.com]]>
              </value>
            </param>
            <param index="3">
              <value>
                <![CDATA[123456]]>
              </value>
            </param>
          </params>
          <reporter-output>
          </reporter-output>
        </test-method> <!-- setUp -->
        <test-method status="PASS" signature="addcategory(java.lang.String, java.lang.String, java.lang.String, java.lang.String, java.lang.String, java.lang.String)[pri:0, instance:testNG.AddCategory@1888ff2c]" name="addcategory" duration-ms="1935" started-at="2023-07-22T16:39:59Z" data-provider="celldata" finished-at="2023-07-22T16:40:01Z">
          <params>
            <param index="0">
              <value>
                <![CDATA[project management]]>
              </value>
            </param>
            <param index="1">
              <value>
                <![CDATA[2]]>
              </value>
            </param>
            <param index="2">
              <value>
                <![CDATA[office based]]>
              </value>
            </param>
            <param index="3">
              <value>
                <![CDATA[practical work]]>
              </value>
            </param>
            <param index="4">
              <value>
                <![CDATA[projects based training]]>
              </value>
            </param>
            <param index="5">
              <value>
                <![CDATA[pass]]>
              </value>
            </param>
          </params>
          <reporter-output>
          </reporter-output>
        </test-method> <!-- addcategory -->
        <test-method status="PASS" signature="afterMethod()[pri:0, instance:testNG.AddCategory@1888ff2c]" name="afterMethod" is-config="true" duration-ms="2412" started-at="2023-07-22T16:40:01Z" finished-at="2023-07-22T16:40:03Z">
          <reporter-output>
          </reporter-output>
        </test-method> <!-- afterMethod -->
      </class> <!-- testNG.AddCategory -->
    </test> <!-- Sanity Testing -->
  </suite> <!-- Admin portal -->
</testng-results>
